Info: Starting: Create block symbol file (.bsf)
Info: qsys-generate /home/kilian/Documents/201000168_embedded_systems_laboratory/project/assignment/niosII_hw_dev_tutorial/first_nios2_system.qsys --block-symbol-file --output-directory=/home/kilian/Documents/201000168_embedded_systems_laboratory/project/assignment/niosII_hw_dev_tutorial/first_nios2_system --family="Cyclone IV E" --part=EP4CE22F17C6
Progress: Loading niosII_hw_dev_tutorial/first_nios2_system.qsys
Progress: Reading input file
Progress: Adding clk_0 [clock_source 18.0]
Progress: Parameterizing module clk_0
Progress: Adding cpu [altera_nios2_gen2 18.0]
Progress: Parameterizing module cpu
Progress: Adding esl_bus_demo_0 [esl_bus_demo 1.0]
Progress: Parameterizing module esl_bus_demo_0
Progress: Adding jtag_uart [altera_avalon_jtag_uart 18.0]
Progress: Parameterizing module jtag_uart
Progress: Adding onchip_mem [altera_avalon_onchip_memory2 18.0]
Progress: Parameterizing module onchip_mem
Progress: Adding sys_clk_timer [altera_avalon_timer 18.0]
Progress: Parameterizing module sys_clk_timer
Progress: Adding sysid [altera_avalon_sysid_qsys 18.0]
Progress: Parameterizing module sysid
Progress: Building connections
Progress: Parameterizing connections
Progress: Validating
Progress: Done reading input file
Info: first_nios2_system.jtag_uart: JTAG UART IP input clock need to be at least double (2x) the operating frequency of JTAG TCK on board
Info: first_nios2_system.sysid: System ID is not assigned automatically. Edit the System ID parameter to provide a unique ID
Info: first_nios2_system.sysid: Time stamp will be automatically updated when this component is generated.
Info: qsys-generate succeeded.
Info: Finished: Create block symbol file (.bsf)
Info: 
Info: Starting: Create HDL design files for synthesis
Info: qsys-generate /home/kilian/Documents/201000168_embedded_systems_laboratory/project/assignment/niosII_hw_dev_tutorial/first_nios2_system.qsys --synthesis=VHDL --output-directory=/home/kilian/Documents/201000168_embedded_systems_laboratory/project/assignment/niosII_hw_dev_tutorial/first_nios2_system/synthesis --family="Cyclone IV E" --part=EP4CE22F17C6
Progress: Loading niosII_hw_dev_tutorial/first_nios2_system.qsys
Progress: Reading input file
Progress: Adding clk_0 [clock_source 18.0]
Progress: Parameterizing module clk_0
Progress: Adding cpu [altera_nios2_gen2 18.0]
Progress: Parameterizing module cpu
Progress: Adding esl_bus_demo_0 [esl_bus_demo 1.0]
Progress: Parameterizing module esl_bus_demo_0
Progress: Adding jtag_uart [altera_avalon_jtag_uart 18.0]
Progress: Parameterizing module jtag_uart
Progress: Adding onchip_mem [altera_avalon_onchip_memory2 18.0]
Progress: Parameterizing module onchip_mem
Progress: Adding sys_clk_timer [altera_avalon_timer 18.0]
Progress: Parameterizing module sys_clk_timer
Progress: Adding sysid [altera_avalon_sysid_qsys 18.0]
Progress: Parameterizing module sysid
Progress: Building connections
Progress: Parameterizing connections
Progress: Validating
Progress: Done reading input file
Info: first_nios2_system.jtag_uart: JTAG UART IP input clock need to be at least double (2x) the operating frequency of JTAG TCK on board
Info: first_nios2_system.sysid: System ID is not assigned automatically. Edit the System ID parameter to provide a unique ID
Info: first_nios2_system.sysid: Time stamp will be automatically updated when this component is generated.
Info: first_nios2_system: Generating first_nios2_system "first_nios2_system" for QUARTUS_SYNTH
Info: cpu: "first_nios2_system" instantiated altera_nios2_gen2 "cpu"
Info: esl_bus_demo_0: "first_nios2_system" instantiated esl_bus_demo "esl_bus_demo_0"
Info: jtag_uart: Starting RTL generation for module 'first_nios2_system_jtag_uart'
Info: jtag_uart:   Generation command is [exec /opt/intelFPGA_lite/18.0/quartus/linux64/perl/bin/perl -I /opt/intelFPGA_lite/18.0/quartus/linux64/perl/lib -I /opt/intelFPGA_lite/18.0/quartus/sopc_builder/bin/europa -I /opt/intelFPGA_lite/18.0/quartus/sopc_builder/bin/perl_lib -I /opt/intelFPGA_lite/18.0/quartus/sopc_builder/bin -I /opt/intelFPGA_lite/18.0/quartus/../ip/altera/sopc_builder_ip/common -I /opt/intelFPGA_lite/18.0/quartus/../ip/altera/sopc_builder_ip/altera_avalon_jtag_uart -- /opt/intelFPGA_lite/18.0/quartus/../ip/altera/sopc_builder_ip/altera_avalon_jtag_uart/generate_rtl.pl --name=first_nios2_system_jtag_uart --dir=/tmp/alt8751_7362200465737097448.dir/0007_jtag_uart_gen/ --quartus_dir=/opt/intelFPGA_lite/18.0/quartus --verilog --config=/tmp/alt8751_7362200465737097448.dir/0007_jtag_uart_gen//first_nios2_system_jtag_uart_component_configuration.pl  --do_build_sim=0  ]
Info: jtag_uart: Done RTL generation for module 'first_nios2_system_jtag_uart'
Info: jtag_uart: "first_nios2_system" instantiated altera_avalon_jtag_uart "jtag_uart"
Info: onchip_mem: Starting RTL generation for module 'first_nios2_system_onchip_mem'
Info: onchip_mem:   Generation command is [exec /opt/intelFPGA_lite/18.0/quartus/linux64/perl/bin/perl -I /opt/intelFPGA_lite/18.0/quartus/linux64/perl/lib -I /opt/intelFPGA_lite/18.0/quartus/sopc_builder/bin/europa -I /opt/intelFPGA_lite/18.0/quartus/sopc_builder/bin/perl_lib -I /opt/intelFPGA_lite/18.0/quartus/sopc_builder/bin -I /opt/intelFPGA_lite/18.0/quartus/../ip/altera/sopc_builder_ip/common -I /opt/intelFPGA_lite/18.0/quartus/../ip/altera/sopc_builder_ip/altera_avalon_onchip_memory2 -- /opt/intelFPGA_lite/18.0/quartus/../ip/altera/sopc_builder_ip/altera_avalon_onchip_memory2/generate_rtl.pl --name=first_nios2_system_onchip_mem --dir=/tmp/alt8751_7362200465737097448.dir/0008_onchip_mem_gen/ --quartus_dir=/opt/intelFPGA_lite/18.0/quartus --verilog --config=/tmp/alt8751_7362200465737097448.dir/0008_onchip_mem_gen//first_nios2_system_onchip_mem_component_configuration.pl  --do_build_sim=0  ]
Info: onchip_mem: Done RTL generation for module 'first_nios2_system_onchip_mem'
Info: onchip_mem: "first_nios2_system" instantiated altera_avalon_onchip_memory2 "onchip_mem"
Info: sys_clk_timer: Starting RTL generation for module 'first_nios2_system_sys_clk_timer'
Info: sys_clk_timer:   Generation command is [exec /opt/intelFPGA_lite/18.0/quartus/linux64//perl/bin/perl -I /opt/intelFPGA_lite/18.0/quartus/linux64//perl/lib -I /opt/intelFPGA_lite/18.0/quartus/sopc_builder/bin/europa -I /opt/intelFPGA_lite/18.0/quartus/sopc_builder/bin/perl_lib -I /opt/intelFPGA_lite/18.0/quartus/sopc_builder/bin -I /opt/intelFPGA_lite/18.0/quartus/../ip/altera/sopc_builder_ip/common -I /opt/intelFPGA_lite/18.0/quartus/../ip/altera/sopc_builder_ip/altera_avalon_timer -- /opt/intelFPGA_lite/18.0/quartus/../ip/altera/sopc_builder_ip/altera_avalon_timer/generate_rtl.pl --name=first_nios2_system_sys_clk_timer --dir=/tmp/alt8751_7362200465737097448.dir/0009_sys_clk_timer_gen/ --quartus_dir=/opt/intelFPGA_lite/18.0/quartus --verilog --config=/tmp/alt8751_7362200465737097448.dir/0009_sys_clk_timer_gen//first_nios2_system_sys_clk_timer_component_configuration.pl  --do_build_sim=0  ]
Info: sys_clk_timer: Done RTL generation for module 'first_nios2_system_sys_clk_timer'
Info: sys_clk_timer: "first_nios2_system" instantiated altera_avalon_timer "sys_clk_timer"
Info: sysid: "first_nios2_system" instantiated altera_avalon_sysid_qsys "sysid"
Info: avalon_st_adapter: Inserting error_adapter: error_adapter_0
Info: avalon_st_adapter_001: Inserting error_adapter: error_adapter_0
Info: avalon_st_adapter_002: Inserting error_adapter: error_adapter_0
Info: avalon_st_adapter_003: Inserting error_adapter: error_adapter_0
Info: avalon_st_adapter_004: Inserting error_adapter: error_adapter_0
Info: avalon_st_adapter_005: Inserting error_adapter: error_adapter_0
Info: mm_interconnect_0: "first_nios2_system" instantiated altera_mm_interconnect "mm_interconnect_0"
Info: irq_mapper: "first_nios2_system" instantiated altera_irq_mapper "irq_mapper"
Info: rst_controller: "first_nios2_system" instantiated altera_reset_controller "rst_controller"
Info: cpu: Starting RTL generation for module 'first_nios2_system_cpu_cpu'
Info: cpu:   Generation command is [exec /opt/intelFPGA_lite/18.0/quartus/linux64//eperlcmd -I /opt/intelFPGA_lite/18.0/quartus/linux64//perl/lib -I /opt/intelFPGA_lite/18.0/quartus/sopc_builder/bin/europa -I /opt/intelFPGA_lite/18.0/quartus/sopc_builder/bin/perl_lib -I /opt/intelFPGA_lite/18.0/quartus/sopc_builder/bin -I /opt/intelFPGA_lite/18.0/quartus/../ip/altera/nios2_ip/altera_nios2_gen2/cpu_lib -I /opt/intelFPGA_lite/18.0/quartus/../ip/altera/nios2_ip/altera_nios2_gen2/nios_lib -I /opt/intelFPGA_lite/18.0/quartus/../ip/altera/nios2_ip/altera_nios2_gen2 -I /opt/intelFPGA_lite/18.0/quartus/../ip/altera/nios2_ip/altera_nios2_gen2 -- /opt/intelFPGA_lite/18.0/quartus/../ip/altera/nios2_ip/altera_nios2_gen2/generate_rtl.epl --name=first_nios2_system_cpu_cpu --dir=/tmp/alt8751_7362200465737097448.dir/0013_cpu_gen/ --quartus_bindir=/opt/intelFPGA_lite/18.0/quartus/linux64/ --verilog --config=/tmp/alt8751_7362200465737097448.dir/0013_cpu_gen//first_nios2_system_cpu_cpu_processor_configuration.pl  --do_build_sim=0  ]
Info: cpu: # 2021.05.04 21:47:51 (*) Starting Nios II generation
Info: cpu: # 2021.05.04 21:47:51 (*)   Checking for plaintext license.
Info: cpu: # 2021.05.04 21:47:51 (*)   Couldn't query license setup in Quartus directory /opt/intelFPGA_lite/18.0/quartus/linux64/
Info: cpu: # 2021.05.04 21:47:51 (*)   Defaulting to contents of LM_LICENSE_FILE environment variable
Info: cpu: # 2021.05.04 21:47:51 (*)   LM_LICENSE_FILE environment variable is empty
Info: cpu: # 2021.05.04 21:47:51 (*)   Plaintext license not found.
Info: cpu: # 2021.05.04 21:47:51 (*)   Checking for encrypted license (non-evaluation).
Info: cpu: # 2021.05.04 21:47:52 (*)   Couldn't query license setup in Quartus directory /opt/intelFPGA_lite/18.0/quartus/linux64/
Info: cpu: # 2021.05.04 21:47:52 (*)   Defaulting to contents of LM_LICENSE_FILE environment variable
Info: cpu: # 2021.05.04 21:47:52 (*)   LM_LICENSE_FILE environment variable is empty
Info: cpu: # 2021.05.04 21:47:52 (*)   Encrypted license not found.  Defaulting to OCP evaluation license (produces a time-limited SOF)
Info: cpu: # 2021.05.04 21:47:52 (*)   Elaborating CPU configuration settings
Info: cpu: # 2021.05.04 21:47:52 (*)   Creating all objects for CPU
Info: cpu: # 2021.05.04 21:47:52 (*)     Testbench
Info: cpu: # 2021.05.04 21:47:52 (*)     Instruction decoding
Info: cpu: # 2021.05.04 21:47:52 (*)       Instruction fields
Info: cpu: # 2021.05.04 21:47:52 (*)       Instruction decodes
Info: cpu: # 2021.05.04 21:47:52 (*)       Signals for RTL simulation waveforms
Info: cpu: # 2021.05.04 21:47:52 (*)       Instruction controls
Info: cpu: # 2021.05.04 21:47:52 (*)     Pipeline frontend
Info: cpu: # 2021.05.04 21:47:53 (*)     Pipeline backend
Info: cpu: # 2021.05.04 21:47:54 (*)   Generating RTL from CPU objects
Info: cpu: # 2021.05.04 21:47:55 (*)   Creating encrypted RTL
Info: cpu: # 2021.05.04 21:47:56 (*) Done Nios II generation
Info: cpu: Done RTL generation for module 'first_nios2_system_cpu_cpu'
Info: cpu: "cpu" instantiated altera_nios2_gen2_unit "cpu"
Info: cpu_data_master_translator: "mm_interconnect_0" instantiated altera_merlin_master_translator "cpu_data_master_translator"
Info: jtag_uart_avalon_jtag_slave_translator: "mm_interconnect_0" instantiated altera_merlin_slave_translator "jtag_uart_avalon_jtag_slave_translator"
Info: cpu_data_master_agent: "mm_interconnect_0" instantiated altera_merlin_master_agent "cpu_data_master_agent"
Info: jtag_uart_avalon_jtag_slave_agent: "mm_interconnect_0" instantiated altera_merlin_slave_agent "jtag_uart_avalon_jtag_slave_agent"
Info: jtag_uart_avalon_jtag_slave_agent_rsp_fifo: "mm_interconnect_0" instantiated altera_avalon_sc_fifo "jtag_uart_avalon_jtag_slave_agent_rsp_fifo"
Info: router: "mm_interconnect_0" instantiated altera_merlin_router "router"
Info: router_001: "mm_interconnect_0" instantiated altera_merlin_router "router_001"
Info: router_002: "mm_interconnect_0" instantiated altera_merlin_router "router_002"
Info: router_004: "mm_interconnect_0" instantiated altera_merlin_router "router_004"
Info: cpu_data_master_limiter: "mm_interconnect_0" instantiated altera_merlin_traffic_limiter "cpu_data_master_limiter"
Info: Reusing file /home/kilian/Documents/201000168_embedded_systems_laboratory/project/assignment/niosII_hw_dev_tutorial/first_nios2_system/synthesis/submodules/altera_avalon_sc_fifo.v
Info: cmd_demux: "mm_interconnect_0" instantiated altera_merlin_demultiplexer "cmd_demux"
Info: cmd_demux_001: "mm_interconnect_0" instantiated altera_merlin_demultiplexer "cmd_demux_001"
Info: cmd_mux: "mm_interconnect_0" instantiated altera_merlin_multiplexer "cmd_mux"
Info: cmd_mux_002: "mm_interconnect_0" instantiated altera_merlin_multiplexer "cmd_mux_002"
Info: Reusing file /home/kilian/Documents/201000168_embedded_systems_laboratory/project/assignment/niosII_hw_dev_tutorial/first_nios2_system/synthesis/submodules/altera_merlin_arbitrator.sv
Info: rsp_demux: "mm_interconnect_0" instantiated altera_merlin_demultiplexer "rsp_demux"
Info: rsp_demux_002: "mm_interconnect_0" instantiated altera_merlin_demultiplexer "rsp_demux_002"
Info: rsp_mux: "mm_interconnect_0" instantiated altera_merlin_multiplexer "rsp_mux"
Info: Reusing file /home/kilian/Documents/201000168_embedded_systems_laboratory/project/assignment/niosII_hw_dev_tutorial/first_nios2_system/synthesis/submodules/altera_merlin_arbitrator.sv
Info: rsp_mux_001: "mm_interconnect_0" instantiated altera_merlin_multiplexer "rsp_mux_001"
Info: Reusing file /home/kilian/Documents/201000168_embedded_systems_laboratory/project/assignment/niosII_hw_dev_tutorial/first_nios2_system/synthesis/submodules/altera_merlin_arbitrator.sv
Info: avalon_st_adapter: "mm_interconnect_0" instantiated altera_avalon_st_adapter "avalon_st_adapter"
Info: error_adapter_0: "avalon_st_adapter" instantiated error_adapter "error_adapter_0"
Info: first_nios2_system: Done "first_nios2_system" with 31 modules, 51 files
Info: qsys-generate succeeded.
Info: Finished: Create HDL design files for synthesis
